<?xml version="1.0" encoding="UTF-8"?>
<testsuite xmlns:xsi="http://www.w3.org/2001/XMLSchema-instance" xsi:schemaLocation="https://maven.apache.org/surefire/maven-surefire-plugin/xsd/surefire-test-report.xsd" name="runner.Runner" time="0.458" tests="1" errors="1" skipped="0" failures="0">
  <properties>
[...]
</properties>
  <testcase name="initializationError" classname="runner.Runner" time="0.01">
    <error message="Failed to parse resource at: file:/C:/Users/Apple/eclipse-workspace/CucumberPrgms/src/test/resources/Features/New.feature" type="cucumber.runtime.CucumberException"><![CDATA[cucumber.runtime.CucumberException: Failed to parse resource at: file:/C:/Users/Apple/eclipse-workspace/CucumberPrgms/src/test/resources/Features/New.feature
Caused by: gherkin.ParserException$CompositeParserException: 
Parser errors:
(1:1): expected: #EOF, #Language, #TagLine, #FeatureLine, #Comment, #Empty, got 'Scenario: Login scenario test for Gmail'
(3:1): expected: #EOF, #Language, #TagLine, #FeatureLine, #Comment, #Empty, got 'Given navigate to Gmail page'
(4:1): expected: #EOF, #Language, #TagLine, #FeatureLine, #Comment, #Empty, got 'When user logged in using username as �<username>� and password as �<password>�'
(5:1): expected: #EOF, #Language, #TagLine, #FeatureLine, #Comment, #Empty, got 'Then home page should be displayed'
(7:1): expected: #EOF, #Language, #TagLine, #FeatureLine, #Comment, #Empty, got 'Examples:'
(8:1): expected: #EOF, #Language, #TagLine, #FeatureLine, #Comment, #Empty, got '|UserName                |Password    |'
(9:1): expected: #EOF, #Language, #TagLine, #FeatureLine, #Comment, #Empty, got '|DemoDemo@22@gmail.com                |DemoToday    |'
(10:1): expected: #EOF, #Language, #TagLine, #FeatureLine, #Comment, #Empty, got '|unkonow@gmail.com    |New   |'
]]></error>
  </testcase>
</testsuite>